tests/factories.py:87: error: Incompatible default for argument "provider_metadata" (default has type "None", argument has type "dict[str, Any | None]")  [assignment]
tests/factories.py:87: note: PEP 484 prohibits implicit Optional. Accordingly, mypy has changed its default to no_implicit_optional=True
tests/factories.py:87: note: Use https://github.com/hauntsaninja/no_implicit_optional to automatically upgrade your codebase
tests/factories.py:88: error: Incompatible default for argument "metadata" (default has type "None", argument has type "dict[str, Any | None]")  [assignment]
tests/factories.py:88: note: PEP 484 prohibits implicit Optional. Accordingly, mypy has changed its default to no_implicit_optional=True
tests/factories.py:88: note: Use https://github.com/hauntsaninja/no_implicit_optional to automatically upgrade your codebase
tests/factories.py:112: error: Incompatible default for argument "provider_data" (default has type "None", argument has type "dict[str, Any | None]")  [assignment]
tests/factories.py:112: note: PEP 484 prohibits implicit Optional. Accordingly, mypy has changed its default to no_implicit_optional=True
tests/factories.py:112: note: Use https://github.com/hauntsaninja/no_implicit_optional to automatically upgrade your codebase
tests/factories.py:113: error: Incompatible default for argument "metadata" (default has type "None", argument has type "dict[str, Any | None]")  [assignment]
tests/factories.py:113: note: PEP 484 prohibits implicit Optional. Accordingly, mypy has changed its default to no_implicit_optional=True
tests/factories.py:113: note: Use https://github.com/hauntsaninja/no_implicit_optional to automatically upgrade your codebase
tests/factories.py:134: error: Incompatible default for argument "provider_data" (default has type "None", argument has type "dict[str, Any | None]")  [assignment]
tests/factories.py:134: note: PEP 484 prohibits implicit Optional. Accordingly, mypy has changed its default to no_implicit_optional=True
tests/factories.py:134: note: Use https://github.com/hauntsaninja/no_implicit_optional to automatically upgrade your codebase
tests/factories.py:135: error: Incompatible default for argument "metadata" (default has type "None", argument has type "dict[str, Any | None]")  [assignment]
tests/factories.py:135: note: PEP 484 prohibits implicit Optional. Accordingly, mypy has changed its default to no_implicit_optional=True
tests/factories.py:135: note: Use https://github.com/hauntsaninja/no_implicit_optional to automatically upgrade your codebase
tests/factories.py:160: error: Incompatible default for argument "metadata" (default has type "None", argument has type "dict[str, Any | None]")  [assignment]
tests/factories.py:160: note: PEP 484 prohibits implicit Optional. Accordingly, mypy has changed its default to no_implicit_optional=True
tests/factories.py:160: note: Use https://github.com/hauntsaninja/no_implicit_optional to automatically upgrade your codebase
tests/factories.py:179: error: Incompatible default for argument "parameters" (default has type "None", argument has type "dict[str, Any | None]")  [assignment]
tests/factories.py:179: note: PEP 484 prohibits implicit Optional. Accordingly, mypy has changed its default to no_implicit_optional=True
tests/factories.py:179: note: Use https://github.com/hauntsaninja/no_implicit_optional to automatically upgrade your codebase
tests/factories.py:198: error: Incompatible default for argument "parameters" (default has type "None", argument has type "dict[str, Any | None]")  [assignment]
tests/factories.py:198: note: PEP 484 prohibits implicit Optional. Accordingly, mypy has changed its default to no_implicit_optional=True
tests/factories.py:198: note: Use https://github.com/hauntsaninja/no_implicit_optional to automatically upgrade your codebase
tests/factories.py:216: error: Incompatible default for argument "result_parameters" (default has type "None", argument has type "dict[str, Any | None]")  [assignment]
tests/factories.py:216: note: PEP 484 prohibits implicit Optional. Accordingly, mypy has changed its default to no_implicit_optional=True
tests/factories.py:216: note: Use https://github.com/hauntsaninja/no_implicit_optional to automatically upgrade your codebase
tests/factories.py:228: error: Incompatible default for argument "result_parameters" (default has type "None", argument has type "dict[str, Any | None]")  [assignment]
tests/factories.py:228: note: PEP 484 prohibits implicit Optional. Accordingly, mypy has changed its default to no_implicit_optional=True
tests/factories.py:228: note: Use https://github.com/hauntsaninja/no_implicit_optional to automatically upgrade your codebase
apps/backend/src/backend/payments/gateway.py:47: error: Returning Any from function declared to return "dict[str, Any]"  [no-any-return]
backend/app/worker/logging.py:42: error: Unexpected keyword argument "omit_if_debug" for "StackInfoRenderer"  [call-arg]
.venv/lib/python3.12/site-packages/structlog/processors.py: note: "StackInfoRenderer" defined here
backend/app/worker/logging.py:55: error: Returning Any from function declared to return "BoundLogger"  [no-any-return]
backend/app/worker/db.py:6: error: Unused "type: ignore" comment  [unused-ignore]
src/user_service/models.py:45: error: Cannot override class variable (previously declared on base class "DeclarativeBase") with instance variable  [misc]
src/user_service/models.py:45: error: Incompatible types in assignment (expression has type "MetaData | dict[str, Any]", base class "DeclarativeBase" defined the type as "MetaData")  [assignment]
src/user_service/models.py:63: error: Redundant cast to "dict[str, Any]"  [redundant-cast]
src/user_service/models.py:241: error: Definition of "metadata" in base class "MetadataAliasMixin" is incompatible with definition in base class "Base"  [misc]
src/user_service/models.py:241: error: Definition of "metadata" in base class "MetadataAliasMixin" is incompatible with definition in base class "DeclarativeBase"  [misc]
src/user_service/models.py:334: error: Definition of "metadata" in base class "MetadataAliasMixin" is incompatible with definition in base class "Base"  [misc]
src/user_service/models.py:334: error: Definition of "metadata" in base class "MetadataAliasMixin" is incompatible with definition in base class "DeclarativeBase"  [misc]
src/user_service/models.py:385: error: Definition of "metadata" in base class "MetadataAliasMixin" is incompatible with definition in base class "Base"  [misc]
src/user_service/models.py:385: error: Definition of "metadata" in base class "MetadataAliasMixin" is incompatible with definition in base class "DeclarativeBase"  [misc]
src/user_service/models.py:438: error: Definition of "metadata" in base class "MetadataAliasMixin" is incompatible with definition in base class "Base"  [misc]
src/user_service/models.py:438: error: Definition of "metadata" in base class "MetadataAliasMixin" is incompatible with definition in base class "DeclarativeBase"  [misc]
apps/backend/src/backend/core/config.py:70: error: Incompatible return value type (got "Callable[[], str]", expected "str")  [return-value]
apps/backend/src/backend/core/config.py:397: error: Incompatible types in assignment (expression has type "str", variable has type "AnyUrl")  [assignment]
backend/app/worker/redis_events.py:7: error: Unused "type: ignore" comment  [unused-ignore]
backend/app/worker/storage.py:47: error: Function is missing a type annotation  [no-untyped-def]
backend/app/worker/storage.py:72: error: Returning Any from function declared to return "bytes"  [no-any-return]
backend/app/worker/storage.py:54: error: Unused "type: ignore" comment  [unused-ignore]
apps/backend/src/backend/db/session.py:23: error: Argument 1 to "create_async_engine" has incompatible type "Callable[[], str]"; expected "str | URL"  [arg-type]
apps/backend/tests/test_auth_tokens.py:13: error: Function is missing a type annotation for one or more arguments  [no-untyped-def]
apps/backend/tests/test_auth_tokens.py:35: error: Function is missing a type annotation for one or more arguments  [no-untyped-def]
apps/backend/src/backend/db/types.py:26: error: Redundant cast to "TypeEngine[Any]"  [redundant-cast]
apps/backend/src/backend/db/types.py:27: error: Redundant cast to "TypeEngine[Any]"  [redundant-cast]
apps/backend/src/backend/core/redis.py:10: error: Unused "type: ignore" comment  [unused-ignore]
apps/backend/src/backend/core/redis.py:12: error: Cannot assign to a type  [misc]
apps/backend/src/backend/core/redis.py:12: error: Incompatible types in assignment (expression has type "None", variable has type "type[FakeRedis]")  [assignment]
apps/backend/src/backend/core/redis.py:34: error: Incompatible types in "await" (actual type "Awaitable[bool] | bool | Any", expected type "Awaitable[Any]")  [misc]
tests/conftest.py:23: error: Function is missing a type annotation for one or more arguments  [no-untyped-def]
migrations/env.py:31: error: Argument "target_metadata" to "configure" has incompatible type "MetaData | dict[str, Any]"; expected "MetaData | Sequence[MetaData] | None"  [arg-type]
migrations/env.py:50: error: Argument "target_metadata" to "configure" has incompatible type "MetaData | dict[str, Any]"; expected "MetaData | Sequence[MetaData] | None"  [arg-type]
apps/backend/src/backend/db/base.py:25: error: Cannot override class variable (previously declared on base class "DeclarativeBase") with instance variable  [misc]
apps/backend/src/backend/db/base.py:25: error: Incompatible types in assignment (expression has type "MetaData | dict[str, Any]", base class "DeclarativeBase" defined the type as "MetaData")  [assignment]
apps/backend/src/backend/db/base.py:71: error: Redundant cast to "dict[str, Any]"  [redundant-cast]
frontend/app/gateway.py:12: error: Module "websockets.exceptions" has no attribute "InvalidStatusCode"; maybe "InvalidStatus" or "InvalidState"?  [attr-defined]
frontend/app/gateway.py:83: error: Returning Any from function declared to return "dict[str, Any]"  [no-any-return]
frontend/app/gateway.py:263: error: Incompatible types in "yield" (actual type "str | bytes", expected type "str")  [misc]
apps/backend/tests/test_user_api.py:39: error: Returning Any from function declared to return "SubscriptionPlan"  [no-any-return]
apps/backend/tests/test_user_api.py:60: error: Returning Any from function declared to return "User"  [no-any-return]
apps/backend/tests/test_user_api.py:75: error: Returning Any from function declared to return "Subscription"  [no-any-return]
apps/backend/tests/test_user_api.py:95: error: Returning Any from function declared to return "UserProfile"  [no-any-return]
apps/backend/tests/test_user_api.py:117: error: Returning Any from function declared to return "UserSession"  [no-any-return]
apps/backend/tests/test_user_api.py:406: error: Non-overlapping equality check (left operand type: "tuple[int, int]", right operand type: "list[int]")  [comparison-overlap]
apps/backend/tests/test_auth_endpoints.py:14: error: Returning Any from function declared to return "str"  [no-any-return]
apps/backend/tests/test_auth_endpoints.py:30: error: Returning Any from function declared to return "dict[str, object]"  [no-any-return]
apps/backend/tests/test_auth_endpoints.py:50: error: Value of type "object" is not indexable  [index]
apps/backend/src/backend/payments/models.py:31: error: Definition of "metadata" in base class "MetadataAliasMixin" is incompatible with definition in base class "Base"  [misc]
apps/backend/src/backend/payments/models.py:31: error: Definition of "metadata" in base class "MetadataAliasMixin" is incompatible with definition in base class "DeclarativeBase"  [misc]
apps/backend/src/backend/generation/models.py:23: error: Definition of "metadata" in base class "MetadataAliasMixin" is incompatible with definition in base class "Base"  [misc]
apps/backend/src/backend/generation/models.py:23: error: Definition of "metadata" in base class "MetadataAliasMixin" is incompatible with definition in base class "DeclarativeBase"  [misc]
apps/backend/src/backend/api/routes/health.py:25: error: Incompatible return value type (got "dict[str, str]", expected "dict[str, object]")  [return-value]
apps/backend/src/backend/api/routes/health.py:25: note: "dict" is invariant -- see https://mypy.readthedocs.io/en/stable/common_issues.html#variance
apps/backend/src/backend/api/routes/health.py:25: note: Consider using "Mapping" instead, which is covariant in the value type
apps/backend/src/backend/api/routes/health.py:25: note: Perhaps you need a type annotation for "payload"? Suggestion: "dict[str, object]"
backend/app/worker/bootstrap.py:49: error: Unused "type: ignore" comment  [unused-ignore]
backend/app/worker/bootstrap.py:62: error: Unused "type: ignore" comment  [unused-ignore]
backend/app/worker/bootstrap.py:67: error: Unused "type: ignore" comment  [unused-ignore]
backend/app/worker/bootstrap.py:72: error: Unused "type: ignore" comment  [unused-ignore]
frontend/app/main.py:161: error: Returning Any from function declared to return "BackendGateway"  [no-any-return]
frontend/app/main.py:161: note: Error code "no-any-return" not covered by "type: ignore" comment
frontend/app/main.py:173: error: Returning Any from function declared to return "list[dict[str, str]]"  [no-any-return]
frontend/app/main.py:251: error: Incompatible return value type (got "RedirectResponse", expected "HTMLResponse")  [return-value]
frontend/app/main.py:272: error: Incompatible return value type (got "RedirectResponse", expected "HTMLResponse")  [return-value]
frontend/app/main.py:285: error: Incompatible return value type (got "RedirectResponse", expected "HTMLResponse")  [return-value]
frontend/app/main.py:326: error: Incompatible return value type (got "RedirectResponse", expected "HTMLResponse")  [return-value]
frontend/app/main.py:338: error: Incompatible return value type (got "RedirectResponse", expected "HTMLResponse")  [return-value]
frontend/app/main.py:376: error: Incompatible return value type (got "RedirectResponse", expected "HTMLResponse")  [return-value]
frontend/app/main.py:391: error: Incompatible return value type (got "RedirectResponse", expected "HTMLResponse")  [return-value]
frontend/app/main.py:408: error: Incompatible return value type (got "RedirectResponse", expected "HTMLResponse")  [return-value]
frontend/app/main.py:432: error: Incompatible return value type (got "RedirectResponse", expected "HTMLResponse")  [return-value]
frontend/app/main.py:478: error: Incompatible return value type (got "RedirectResponse", expected "HTMLResponse")  [return-value]
frontend/app/main.py:610: error: Incompatible return value type (got "RedirectResponse", expected "HTMLResponse")  [return-value]
frontend/app/main.py:626: error: Incompatible return value type (got "RedirectResponse", expected "HTMLResponse")  [return-value]
frontend/app/main.py:659: error: Dict entry 4 has incompatible type "str": "int"; expected "str": "Collection[Collection[str]]"  [dict-item]
frontend/app/main.py:660: error: Dict entry 5 has incompatible type "str": "int"; expected "str": "Collection[Collection[str]]"  [dict-item]
frontend/app/main.py:742: error: Argument "user_id" to "stream_task_updates" of "BackendGateway" has incompatible type "Any | None"; expected "int"  [arg-type]
frontend/app/main.py:744: error: Argument "access_token" to "stream_task_updates" of "BackendGateway" has incompatible type "Any | None"; expected "str"  [arg-type]
frontend/app/main.py:161: error: Unused "type: ignore" comment  [unused-ignore]
apps/bot/tests/test_auth_gateway.py:21: error: "Request" has no attribute "json"  [attr-defined]
apps/backend/tests/test_task_websocket.py:19: error: The return type of a generator function should be "Generator" or one of its supertypes  [misc]
tests/bot/test_services.py:31: error: Function is missing a type annotation for one or more arguments  [no-untyped-def]
tests/bot/test_services.py:129: error: Function is missing a return type annotation  [no-untyped-def]
tests/bot/test_services.py:170: error: Item "None" of "AsyncMock | None" has no attribute "assert_awaited_once"  [union-attr]
tests/bot/test_services.py:200: error: Item "None" of "AsyncMock | None" has no attribute "side_effect"  [union-attr]
apps/backend/src/backend/generation/broadcaster.py:76: error: Returning Any from function declared to return "dict[str, Any] | None"  [no-any-return]
apps/backend/src/backend/api/routes/users.py:285: error: Incompatible return value type (got "UserProfileResponse | None", expected "UserProfileResponse")  [return-value]
backend/app/worker/processor.py:97: error: Argument 2 to "publish_status" of "RedisNotifier" has incompatible type "Mapping[str, Any]"; expected "dict[str, Any]"  [arg-type]
backend/app/celery_app.py:45: error: Untyped decorator makes function "_on_worker_init" untyped  [misc]
backend/app/celery_app.py:50: error: Untyped decorator makes function "_on_worker_shutdown" untyped  [misc]
tests/frontend/test_frontend_app.py:167: error: The return type of a generator function should be "Generator" or one of its supertypes  [misc]
tests/frontend/test_frontend_app.py:175: error: Unexpected keyword argument "allow_redirects" for "post" of "TestClient"; did you mean "follow_redirects"?  [call-arg]
.venv/lib/python3.12/site-packages/starlette/testclient.py: note: "post" of "TestClient" defined here
tests/frontend/test_frontend_app.py:197: error: Unexpected keyword argument "allow_redirects" for "get" of "TestClient"; did you mean "follow_redirects"?  [call-arg]
.venv/lib/python3.12/site-packages/starlette/testclient.py: note: "get" of "TestClient" defined here
tests/frontend/test_frontend_app.py:204: error: Unexpected keyword argument "allow_redirects" for "post" of "TestClient"; did you mean "follow_redirects"?  [call-arg]
tests/frontend/test_frontend_app.py:218: error: Unexpected keyword argument "allow_redirects" for "post" of "TestClient"; did you mean "follow_redirects"?  [call-arg]
tests/frontend/test_frontend_app.py:232: error: Unexpected keyword argument "allow_redirects" for "post" of "TestClient"; did you mean "follow_redirects"?  [call-arg]
tests/frontend/test_frontend_app.py:261: error: Unexpected keyword argument "allow_redirects" for "post" of "TestClient"; did you mean "follow_redirects"?  [call-arg]
tests/frontend/test_frontend_app.py:272: error: Unexpected keyword argument "allow_redirects" for "post" of "TestClient"; did you mean "follow_redirects"?  [call-arg]
tests/frontend/test_frontend_app.py:275: error: Unexpected keyword argument "allow_redirects" for "get" of "TestClient"; did you mean "follow_redirects"?  [call-arg]
apps/backend/src/backend/auth/dependencies.py:57: error: Returning Any from function declared to return "RateLimiter"  [no-any-return]
apps/backend/src/backend/auth/dependencies.py:67: error: Returning Any from function declared to return "CurrentUser"  [no-any-return]
apps/backend/src/backend/auth/dependencies.py:81: error: Incompatible return value type (got "Callable[[CurrentUser], Coroutine[Any, Any, CurrentUser]]", expected "Callable[[CurrentUser], CurrentUser]")  [return-value]
apps/backend/src/backend/api/routes/task_ws.py:207: error: Returning Any from function declared to return "dict[str, Any] | None"  [no-any-return]
backend/app/tasks.py:17: error: Untyped decorator makes function "ping" untyped  [misc]
backend/app/tasks.py:22: error: Untyped decorator makes function "compute_sum" untyped  [misc]
backend/app/tasks.py:28: error: Untyped decorator makes function "unreliable_task" untyped  [misc]
backend/app/tasks.py:36: error: Untyped decorator makes function "process_generation_task" untyped  [misc]
backend/app/tasks.py:37: error: Function is missing a type annotation for one or more arguments  [no-untyped-def]
apps/bot/src/bot_runtime/runtime.py:8: error: Module "aiogram.fsm.storage.redis" does not explicitly export attribute "DefaultKeyBuilder"  [attr-defined]
apps/backend/src/backend/auth/middleware.py:53: error: Argument "id" to "CurrentUser" has incompatible type "object"; expected "UUID"  [arg-type]
apps/backend/src/backend/auth/middleware.py:54: error: Item "None" of "User | None" has no attribute "email"  [union-attr]
apps/backend/src/backend/auth/middleware.py:55: error: Item "None" of "User | None" has no attribute "role"  [union-attr]
apps/backend/src/backend/api/routes/auth.py:44: error: Module "backend.services" has no attribute "TelegramAuthError"  [attr-defined]
apps/backend/src/backend/api/routes/auth.py:44: error: Module "backend.services" has no attribute "TelegramAuthInactiveUserError"  [attr-defined]
apps/backend/src/backend/api/routes/auth.py:44: error: Module "backend.services" has no attribute "TelegramAuthReplayError"  [attr-defined]
apps/backend/src/backend/api/routes/auth.py:44: error: Module "backend.services" has no attribute "TelegramAuthSignatureError"  [attr-defined]
apps/bot/tests/test_handlers.py:15: error: Function is missing a type annotation for one or more arguments  [no-untyped-def]
apps/bot/tests/test_handlers.py:37: error: Unused "type: ignore" comment, use narrower [method-assign] instead of [assignment] code  [unused-ignore]
apps/bot/tests/test_handlers.py:58: error: Unused "type: ignore" comment  [unused-ignore]
apps/backend/tests/test_payments.py:33: error: Trying to assign name "calls" that is not in "__slots__" of type "apps.backend.tests.test_payments.StubGateway"  [misc]
apps/backend/tests/test_payments.py:47: error: Returning Any from function declared to return "dict[str, Any]"  [no-any-return]
apps/backend/tests/test_payments.py:89: error: Returning Any from function declared to return "SubscriptionPlan"  [no-any-return]
apps/backend/tests/test_payments.py:105: error: Returning Any from function declared to return "User"  [no-any-return]
apps/backend/tests/test_payments.py:109: error: Unused "type: ignore" comment  [unused-ignore]
apps/backend/tests/test_payments.py:109: error: Function is missing a type annotation  [no-untyped-def]
apps/backend/tests/test_payments.py:109: note: Error code "no-untyped-def" not covered by "type: ignore" comment
apps/backend/tests/test_payments.py:133: error: Function is missing a type annotation for one or more arguments  [no-untyped-def]
apps/backend/tests/test_payments.py:172: error: Function is missing a type annotation for one or more arguments  [no-untyped-def]
apps/backend/tests/test_payments.py:202: error: Function is missing a type annotation for one or more arguments  [no-untyped-def]
apps/backend/tests/test_payments.py:257: error: Function is missing a type annotation for one or more arguments  [no-untyped-def]
apps/backend/tests/test_payments.py:306: error: Function is missing a type annotation for one or more arguments  [no-untyped-def]
apps/backend/tests/test_payments.py:320: error: Function is missing a type annotation for one or more arguments  [no-untyped-def]
tests/worker/test_pipeline_integration.py:78: error: Function is missing a type annotation for one or more arguments  [no-untyped-def]
tests/worker/test_pipeline_integration.py:95: error: Item "dict[str, Any]" of "MetaData | dict[str, Any]" has no attribute "create_all"  [union-attr]
tests/worker/test_pipeline_integration.py:168: error: Function is missing a type annotation for one or more arguments  [no-untyped-def]
tests/worker/test_pipeline_integration.py:185: error: Item "dict[str, Any]" of "MetaData | dict[str, Any]" has no attribute "create_all"  [union-attr]
apps/bot/tests/test_webhook.py:16: error: Function is missing a type annotation for one or more arguments  [no-untyped-def]
apps/bot/tests/test_webhook.py:62: error: Unexpected keyword argument "app" for "AsyncClient"  [call-arg]
.venv/lib/python3.12/site-packages/httpx/_client.py: note: "AsyncClient" defined here
apps/bot/tests/test_webhook.py:35: error: Unused "type: ignore" comment, use narrower [method-assign] instead of [assignment] code  [unused-ignore]
tests/bot/test_handlers.py:336: error: Function is missing a type annotation for one or more arguments  [no-untyped-def]
apps/backend/src/backend/generation/service.py:25: error: Incompatible types in assignment (expression has type "None", variable has type Module)  [assignment]
apps/backend/src/backend/generation/service.py:28: error: Incompatible types in assignment (expression has type "None", variable has type Module)  [assignment]
apps/backend/src/backend/generation/service.py:152: error: Incompatible return value type (got "AbstractRobustConnection", expected "RobustConnection")  [return-value]
apps/backend/tests/test_generation_api.py:32: error: Function is missing a return type annotation  [no-untyped-def]
apps/backend/tests/test_generation_api.py:48: error: Function is missing a type annotation  [no-untyped-def]
apps/backend/tests/test_generation_api.py:72: error: Function is missing a return type annotation  [no-untyped-def]
apps/backend/tests/test_generation_api.py:122: error: Function is missing a type annotation for one or more arguments  [no-untyped-def]
apps/backend/tests/test_generation_api.py:203: error: Function is missing a type annotation for one or more arguments  [no-untyped-def]
apps/backend/tests/test_generation_api.py:224: error: Function is missing a type annotation for one or more arguments  [no-untyped-def]
apps/backend/tests/conftest.py:60: error: Function is missing a type annotation for one or more arguments  [no-untyped-def]
apps/backend/tests/conftest.py:65: error: Item "dict[str, Any]" of "MetaData | dict[str, Any]" has no attribute "create_all"  [union-attr]
apps/backend/tests/conftest.py:66: error: Item "dict[str, Any]" of "MetaData | dict[str, Any]" has no attribute "create_all"  [union-attr]
apps/backend/tests/conftest.py:103: error: Unexpected keyword argument "app" for "AsyncClient"  [call-arg]
.venv/lib/python3.12/site-packages/httpx/_client.py: note: "AsyncClient" defined here
apps/backend/src/backend/api/routes/generation.py:25: error: Unused "type: ignore" comment  [unused-ignore]
apps/backend/src/backend/api/routes/generation.py:25: error: Name "Counter" already defined (possibly by an import)  [no-redef]
apps/backend/src/backend/api/routes/generation.py:25: note: Error code "no-redef" not covered by "type: ignore" comment
apps/backend/src/backend/api/routes/generation.py:26: error: Function is missing a type annotation for one or more arguments  [no-untyped-def]
apps/backend/src/backend/api/routes/generation.py:29: error: Unused "type: ignore" comment  [unused-ignore]
apps/backend/src/backend/api/routes/generation.py:29: error: Function is missing a type annotation  [no-untyped-def]
apps/backend/src/backend/api/routes/generation.py:29: note: Error code "no-untyped-def" not covered by "type: ignore" comment
apps/backend/src/backend/api/routes/generation.py:32: error: Unused "type: ignore" comment  [unused-ignore]
apps/backend/src/backend/api/routes/generation.py:341: error: Argument "pagination" to "GenerationTaskListResponse" has incompatible type "dict[str, int]"; expected "PaginationMeta"  [arg-type]
Found 167 errors in 46 files (checked 119 source files)
